# JRE version: OpenJDK Runtime Environment (11.0.2+9) (build 11.0.2+9)
# Java VM: OpenJDK 64-Bit Server VM (11.0.2+9, mixed mode, tiered, compressed oops, g1 gc, bsd-amd64)
Heap:
 garbage-first heap   total 456704K, used 122833K [0x0000000700000000, 0x0000000800000000)
  region size 1024K, 25 young (25600K), 2 survivors (2048K)
 Metaspace       used 41735K, capacity 43105K, committed 43512K, reserved 1087488K
  class space    used 4780K, capacity 5356K, committed 5452K, reserved 1048576K
GC Heap History (10 events):
Event: 23.869 GC heap before
{Heap before GC invocations=42 (full 0):
 garbage-first heap   total 456704K, used 313245K [0x0000000700000000, 0x0000000800000000)
  region size 1024K, 107 young (109568K), 2 survivors (2048K)
 Metaspace       used 41374K, capacity 42753K, committed 43000K, reserved 1087488K
  class space    used 4772K, capacity 5346K, committed 5452K, reserved 1048576K
}
Event: 23.871 GC heap after
{Heap after GC invocations=43 (full 0):
 garbage-first heap   total 456704K, used 83884K [0x0000000700000000, 0x0000000800000000)
  region size 1024K, 2 young (2048K), 2 survivors (2048K)
 Metaspace       used 41374K, capacity 42753K, committed 43000K, reserved 1087488K
  class space    used 4772K, capacity 5346K, committed 5452K, reserved 1048576K
}
Event: 26.930 GC heap before
{Heap before GC invocations=44 (full 0):
 garbage-first heap   total 456704K, used 433068K [0x0000000700000000, 0x0000000800000000)
  region size 1024K, 223 young (228352K), 2 survivors (2048K)
 Metaspace       used 41451K, capacity 42818K, committed 43256K, reserved 1087488K
  class space    used 4773K, capacity 5346K, committed 5452K, reserved 1048576K
}
Event: 26.933 GC heap after
{Heap after GC invocations=45 (full 0):
 garbage-first heap   total 456704K, used 149459K [0x0000000700000000, 0x0000000800000000)
  region size 1024K, 2 young (2048K), 2 survivors (2048K)
 Metaspace       used 41451K, capacity 42818K, committed 43256K, reserved 1087488K
  class space    used 4773K, capacity 5346K, committed 5452K, reserved 1048576K
}
Event: 28.514 GC heap before
{Heap before GC invocations=45 (full 0):
 garbage-first heap   total 456704K, used 318419K [0x0000000700000000, 0x0000000800000000)
  region size 1024K, 112 young (114688K), 2 survivors (2048K)
 Metaspace       used 41527K, capacity 42885K, committed 43256K, reserved 1087488K
  class space    used 4774K, capacity 5347K, committed 5452K, reserved 1048576K
}
Event: 28.516 GC heap after
{Heap after GC invocations=46 (full 0):
 garbage-first heap   total 456704K, used 87974K [0x0000000700000000, 0x0000000800000000)
  region size 1024K, 2 young (2048K), 2 survivors (2048K)
 Metaspace       used 41527K, capacity 42885K, committed 43256K, reserved 1087488K
  class space    used 4774K, capacity 5347K, committed 5452K, reserved 1048576K
}
Event: 33.282 GC heap before
{Heap before GC invocations=47 (full 0):
 garbage-first heap   total 456704K, used 429990K [0x0000000700000000, 0x0000000800000000)
  region size 1024K, 221 young (226304K), 2 survivors (2048K)
 Metaspace       used 41674K, capacity 43014K, committed 43256K, reserved 1087488K
  class space    used 4775K, capacity 5347K, committed 5452K, reserved 1048576K
}
Event: 33.288 GC heap after
{Heap after GC invocations=48 (full 0):
 garbage-first heap   total 456704K, used 145410K [0x0000000700000000, 0x0000000800000000)
  region size 1024K, 2 young (2048K), 2 survivors (2048K)
 Metaspace       used 41674K, capacity 43014K, committed 43256K, reserved 1087488K
  class space    used 4775K, capacity 5347K, committed 5452K, reserved 1048576K
}
Event: 34.993 GC heap before
{Heap before GC invocations=49 (full 0):
 garbage-first heap   total 456704K, used 321538K [0x0000000700000000, 0x0000000800000000)
  region size 1024K, 115 young (117760K), 2 survivors (2048K)
 Metaspace       used 41709K, capacity 43078K, committed 43512K, reserved 1087488K
  class space    used 4775K, capacity 5347K, committed 5452K, reserved 1048576K
}
Event: 34.995 GC heap after
{Heap after GC invocations=50 (full 0):
 garbage-first heap   total 456704K, used 88017K [0x0000000700000000, 0x0000000800000000)
  region size 1024K, 2 young (2048K), 2 survivors (2048K)
 Metaspace       used 41709K, capacity 43078K, committed 43512K, reserved 1087488K
  class space    used 4775K, capacity 5347K, committed 5452K, reserved 1048576K
}

